<?xml version="1.0" encoding="UTF-8"?>
<!-- Generated by org.testng.reporters.JUnitXMLReporter -->
<testsuite ignored="9" hostname="DESKTOP-H0B0LJ7" failures="0" tests="3" name="Test" time="0.168" errors="0" timestamp="2022-03-24T09:43:42 IST">
  <testcase classname="__Lecture_Grouping.Grouping_1" name="TC1" time="0.014"/>
  <testcase classname="__Lecture_Grouping.Grouping_1" name="TC2" time="0.005"/>
  <testcase classname="__Lecture_Grouping.Grouping_2" name="TC1" time="0.003"/>
  <testcase classname="__Lecture_Grouping.Grouping_2" name="TC2" time="0.0">
    <ignored/>
  </testcase> <!-- TC2 -->
  <testcase classname="__Lecture_Grouping.Grouping_2" name="TC3" time="0.0">
    <ignored/>
  </testcase> <!-- TC3 -->
  <testcase classname="__Lecture_Grouping.Grouping_2" name="TC6" time="0.0">
    <ignored/>
  </testcase> <!-- TC6 -->
  <testcase classname="__Lecture_Grouping.Grouping_1" name="TC6" time="0.0">
    <ignored/>
  </testcase> <!-- TC6 -->
  <testcase classname="__Lecture_Grouping.Grouping_2" name="TC4" time="0.0">
    <ignored/>
  </testcase> <!-- TC4 -->
  <testcase classname="__Lecture_Grouping.Grouping_2" name="TC5" time="0.0">
    <ignored/>
  </testcase> <!-- TC5 -->
  <testcase classname="__Lecture_Grouping.Grouping_1" name="TC3" time="0.0">
    <ignored/>
  </testcase> <!-- TC3 -->
  <testcase classname="__Lecture_Grouping.Grouping_1" name="TC5" time="0.0">
    <ignored/>
  </testcase> <!-- TC5 -->
  <testcase classname="__Lecture_Grouping.Grouping_1" name="TC4" time="0.0">
    <ignored/>
  </testcase> <!-- TC4 -->
</testsuite> <!-- Test -->
