<?xml version="1.0" encoding="UTF-8"?>
<!-- Generated by org.testng.reporters.JUnitXMLReporter -->
<testsuite ignored="0" hostname="DESKTOP-H0B0LJ7" failures="1" tests="1" name="firefoxTest" time="0.176" errors="0" timestamp="2022-03-06T10:54:29 IST">
  <testcase classname="__Lecture_CompatibilityTesting.MultibrowserCT" name="TC1" time="0.098">
    <failure type="org.openqa.selenium.WebDriverException" message="Cannot find firefox binary in PATH. Make sure firefox is installed. OS appears to be: WIN10
Build info: version: &amp;apos;4.1.1&amp;apos;, revision: &amp;apos;e8fcc2cecf&amp;apos;
System info: host: &amp;apos;DESKTOP-H0B0LJ7&amp;apos;, ip: &amp;apos;192.168.43.147&amp;apos;, os.name: &amp;apos;Windows 10&amp;apos;, os.arch: &amp;apos;amd64&amp;apos;, os.version: &amp;apos;10.0&amp;apos;, java.version: &amp;apos;11.0.13&amp;apos;
Driver info: driver.version: FirefoxDriver">
      <![CDATA[org.openqa.selenium.WebDriverException: Cannot find firefox binary in PATH. Make sure firefox is installed. OS appears to be: WIN10
Build info: version: '4.1.1', revision: 'e8fcc2cecf'
System info: host: 'DESKTOP-H0B0LJ7', ip: '192.168.43.147', os.name: 'Windows 10', os.arch: 'amd64', os.version: '10.0', java.version: '11.0.13'
Driver info: driver.version: FirefoxDriver
at org.openqa.selenium.firefox.FirefoxBinary.<init>(FirefoxBinary.java:95)
at java.base/java.util.Optional.orElseGet(Optional.java:369)
at org.openqa.selenium.firefox.FirefoxOptions.getBinary(FirefoxOptions.java:189)
at org.openqa.selenium.firefox.GeckoDriverService$Builder.withOptions(GeckoDriverService.java:179)
at org.openqa.selenium.firefox.FirefoxDriver.toExecutor(FirefoxDriver.java:232)
at org.openqa.selenium.firefox.FirefoxDriver.<init>(FirefoxDriver.java:186)
at org.openqa.selenium.firefox.FirefoxDriver.<init>(FirefoxDriver.java:164)
at __Lecture_CompatibilityTesting.MultibrowserCT.TC1(MultibrowserCT.java:27)
at java.base/java.util.ArrayList.forEach(ArrayList.java:1541)
at java.base/java.util.concurrent.FutureTask.run(FutureTask.java:264)
at java.base/java.util.concurrent.ThreadPoolExecutor.runWorker(ThreadPoolExecutor.java:1128)
at java.base/java.util.concurrent.ThreadPoolExecutor$Worker.run(ThreadPoolExecutor.java:628)
at java.base/java.lang.Thread.run(Thread.java:834)
... Removed 18 stack frames]]>
    </failure>
  </testcase> <!-- TC1 -->
</testsuite> <!-- firefoxTest -->
